{"contracts/KetherHomepage.sol":{"l":{"66":1,"67":1,"69":1,"70":1,"75":0,"83":0,"84":0,"85":0,"88":0,"89":0,"90":0,"92":0,"94":0,"99":0,"100":0,"101":0,"102":0,"113":0,"114":0,"115":0,"116":0,"117":0,"118":0,"120":0,"125":0,"126":0,"127":0,"129":0,"134":0,"135":0,"136":0,"138":0,"143":0,"144":0},"path":"/home/alexzibert/Documents/dev/truffle_test_system/contracts/KetherHomepage.sol","s":{"1":1,"2":1,"3":1,"4":1,"5":0,"6":0,"7":0,"8":0,"9":0,"10":0,"11":0,"12":0,"13":0,"14":0,"15":0,"16":0,"17":0,"18":0,"19":0,"20":0,"21":0,"22":0,"23":0,"24":0,"25":0,"26":0,"27":0,"28":0,"29":0,"30":0,"31":0,"32":0,"33":0},"b":{"1":[1,0],"2":[1,0],"3":[0,0],"4":[0,0],"5":[0,0],"6":[0,0],"7":[0,0],"8":[0,0],"9":[0,0]},"f":{"1":1,"2":0,"3":0,"4":0,"5":0,"6":0,"7":0},"fnMap":{"1":{"name":"KetherHomepage","line":65,"loc":{"start":{"line":65,"column":4},"end":{"line":65,"column":74}}},"2":{"name":"getAdsLength","line":74,"loc":{"start":{"line":74,"column":4},"end":{"line":74,"column":49}}},"3":{"name":"buy","line":82,"loc":{"start":{"line":82,"column":4},"end":{"line":82,"column":86}}},"4":{"name":"publish","line":112,"loc":{"start":{"line":112,"column":4},"end":{"line":112,"column":85}}},"5":{"name":"setAdOwner","line":124,"loc":{"start":{"line":124,"column":4},"end":{"line":124,"column":51}}},"6":{"name":"forceNSFW","line":133,"loc":{"start":{"line":133,"column":4},"end":{"line":133,"column":43}}},"7":{"name":"withdraw","line":142,"loc":{"start":{"line":142,"column":4},"end":{"line":142,"column":21}}}},"statementMap":{"1":{"start":{"line":66,"column":8},"end":{"line":66,"column":44}},"2":{"start":{"line":67,"column":8},"end":{"line":67,"column":45}},"3":{"start":{"line":69,"column":8},"end":{"line":69,"column":37}},"4":{"start":{"line":70,"column":8},"end":{"line":70,"column":39}},"5":{"start":{"line":75,"column":8},"end":{"line":75,"column":25}},"6":{"start":{"line":83,"column":8},"end":{"line":83,"column":67}},"7":{"start":{"line":84,"column":8},"end":{"line":84,"column":24}},"8":{"start":{"line":85,"column":8},"end":{"line":85,"column":33}},"9":{"start":{"line":88,"column":8},"end":{"line":88,"column":2542}},"10":{"start":{"line":89,"column":12},"end":{"line":89,"column":2589}},"11":{"start":{"line":90,"column":16},"end":{"line":90,"column":2641}},"12":{"start":{"line":92,"column":20},"end":{"line":92,"column":27}},"13":{"start":{"line":94,"column":16},"end":{"line":94,"column":38}},"14":{"start":{"line":99,"column":8},"end":{"line":99,"column":87}},"15":{"start":{"line":100,"column":8},"end":{"line":100,"column":29}},"16":{"start":{"line":101,"column":8},"end":{"line":101,"column":52}},"17":{"start":{"line":102,"column":8},"end":{"line":102,"column":18}},"18":{"start":{"line":113,"column":8},"end":{"line":113,"column":32}},"19":{"start":{"line":114,"column":8},"end":{"line":114,"column":38}},"20":{"start":{"line":115,"column":8},"end":{"line":115,"column":22}},"21":{"start":{"line":116,"column":8},"end":{"line":116,"column":24}},"22":{"start":{"line":117,"column":8},"end":{"line":117,"column":24}},"23":{"start":{"line":118,"column":8},"end":{"line":118,"column":22}},"24":{"start":{"line":120,"column":8},"end":{"line":120,"column":74}},"25":{"start":{"line":125,"column":8},"end":{"line":125,"column":32}},"26":{"start":{"line":126,"column":8},"end":{"line":126,"column":38}},"27":{"start":{"line":127,"column":8},"end":{"line":127,"column":27}},"28":{"start":{"line":129,"column":8},"end":{"line":129,"column":46}},"29":{"start":{"line":134,"column":8},"end":{"line":134,"column":43}},"30":{"start":{"line":135,"column":8},"end":{"line":135,"column":32}},"31":{"start":{"line":136,"column":8},"end":{"line":136,"column":27}},"32":{"start":{"line":138,"column":8},"end":{"line":138,"column":74}},"33":{"start":{"line":143,"column":8},"end":{"line":143,"column":43}}},"branchMap":{"1":{"line":66,"type":"if","locations":[{"start":{"line":66,"column":8},"end":{"line":66,"column":8}},{"start":{"line":66,"column":8},"end":{"line":66,"column":8}}]},"2":{"line":67,"type":"if","locations":[{"start":{"line":67,"column":8},"end":{"line":67,"column":8}},{"start":{"line":67,"column":8},"end":{"line":67,"column":8}}]},"3":{"line":84,"type":"if","locations":[{"start":{"line":84,"column":8},"end":{"line":84,"column":8}},{"start":{"line":84,"column":8},"end":{"line":84,"column":8}}]},"4":{"line":85,"type":"if","locations":[{"start":{"line":85,"column":8},"end":{"line":85,"column":8}},{"start":{"line":85,"column":8},"end":{"line":85,"column":8}}]},"5":{"line":90,"type":"if","locations":[{"start":{"line":90,"column":16},"end":{"line":90,"column":16}},{"start":{"line":90,"column":16},"end":{"line":90,"column":16}}]},"6":{"line":114,"type":"if","locations":[{"start":{"line":114,"column":8},"end":{"line":114,"column":8}},{"start":{"line":114,"column":8},"end":{"line":114,"column":8}}]},"7":{"line":126,"type":"if","locations":[{"start":{"line":126,"column":8},"end":{"line":126,"column":8}},{"start":{"line":126,"column":8},"end":{"line":126,"column":8}}]},"8":{"line":134,"type":"if","locations":[{"start":{"line":134,"column":8},"end":{"line":134,"column":8}},{"start":{"line":134,"column":8},"end":{"line":134,"column":8}}]},"9":{"line":143,"type":"if","locations":[{"start":{"line":143,"column":8},"end":{"line":143,"column":8}},{"start":{"line":143,"column":8},"end":{"line":143,"column":8}}]}}}}