TN:
SF:/home/alexzibert/Documents/dev/truffle_test_system/contracts/Lotthereum.sol
FN:7,add
FN:12,subtract
FN:17,multiply
FN:25,divide
FN:32,min64
FN:37,max64
FN:42,min
FN:47,max
FN:51,assert
FN:62,onlyowner
FN:68,Owned
FN:75,kill
FN:149,createGame
FN:166,closeGame
FN:172,openGame
FN:178,createGameRound
FN:186,payout
FN:205,closeRound
FN:219,getBlockHash
FN:226,getNumber
FN:249,placeBet
FN:276,withdraw
FN:286,getBalance
FN:293,numberOfClosedGames
FN:303,getGames
FN:312,getGameCurrentRoundId
FN:316,getGameRoundOpen
FN:320,getGameMaxNumberOfBets
FN:324,getGameMinAmountByBet
FN:328,getGamePrize
FN:332,getRoundNumberOfBets
FN:336,getRoundBetOrigin
FN:340,getRoundBetAmount
FN:344,getRoundBetNumber
FN:348,getRoundNumber
FN:352,getRoundPointer
FN:356,getPointer
FN:360,
FNF:38
FNH:1
FNDA:0,add
FNDA:0,subtract
FNDA:0,multiply
FNDA:0,divide
FNDA:0,min64
FNDA:0,max64
FNDA:0,min
FNDA:0,max
FNDA:0,assert
FNDA:0,onlyowner
FNDA:1,Owned
FNDA:0,kill
FNDA:0,createGame
FNDA:0,closeGame
FNDA:0,openGame
FNDA:0,createGameRound
FNDA:0,payout
FNDA:0,closeRound
FNDA:0,getBlockHash
FNDA:0,getNumber
FNDA:0,placeBet
FNDA:0,withdraw
FNDA:0,getBalance
FNDA:0,numberOfClosedGames
FNDA:0,getGames
FNDA:0,getGameCurrentRoundId
FNDA:0,getGameRoundOpen
FNDA:0,getGameMaxNumberOfBets
FNDA:0,getGameMinAmountByBet
FNDA:0,getGamePrize
FNDA:0,getRoundNumberOfBets
FNDA:0,getRoundBetOrigin
FNDA:0,getRoundBetAmount
FNDA:0,getRoundBetNumber
FNDA:0,getRoundNumber
FNDA:0,getRoundPointer
FNDA:0,getPointer
FNDA:0,
DA:8,0
DA:13,0
DA:18,0
DA:19,0
DA:20,0
DA:26,0
DA:27,0
DA:28,0
DA:33,0
DA:38,0
DA:43,0
DA:48,0
DA:52,0
DA:53,0
DA:63,0
DA:64,0
DA:69,1
DA:76,0
DA:155,0
DA:156,0
DA:157,0
DA:158,0
DA:159,0
DA:160,0
DA:161,0
DA:162,0
DA:163,0
DA:167,0
DA:168,0
DA:169,0
DA:173,0
DA:174,0
DA:175,0
DA:179,0
DA:180,0
DA:181,0
DA:182,0
DA:183,0
DA:187,0
DA:188,0
DA:189,0
DA:190,0
DA:191,0
DA:192,0
DA:196,0
DA:197,0
DA:198,0
DA:199,0
DA:200,0
DA:206,0
DA:207,0
DA:208,0
DA:210,0
DA:211,0
DA:216,0
DA:220,0
DA:221,0
DA:223,0
DA:227,0
DA:228,0
DA:229,0
DA:230,0
DA:231,0
DA:232,0
DA:233,0
DA:234,0
DA:236,0
DA:239,0
DA:240,0
DA:241,0
DA:243,0
DA:246,0
DA:250,0
DA:251,0
DA:254,0
DA:255,0
DA:258,0
DA:259,0
DA:260,0
DA:261,0
DA:262,0
DA:263,0
DA:264,0
DA:265,0
DA:266,0
DA:269,0
DA:270,0
DA:273,0
DA:277,0
DA:278,0
DA:279,0
DA:280,0
DA:281,0
DA:283,0
DA:287,0
DA:288,0
DA:290,0
DA:294,0
DA:295,0
DA:296,0
DA:297,0
DA:300,0
DA:304,0
DA:305,0
DA:306,0
DA:307,0
DA:313,0
DA:317,0
DA:321,0
DA:325,0
DA:329,0
DA:333,0
DA:337,0
DA:341,0
DA:345,0
DA:349,0
DA:353,0
DA:357,0
LF:118
LH:1
BRDA:8,1,0,0
BRDA:8,1,1,0
BRDA:13,2,0,0
BRDA:13,2,1,0
BRDA:19,3,0,0
BRDA:19,3,1,0
BRDA:27,4,0,0
BRDA:27,4,1,0
BRDA:52,5,0,0
BRDA:52,5,1,0
BRDA:63,6,0,0
BRDA:63,6,1,0
BRDA:189,7,0,0
BRDA:189,7,1,0
BRDA:196,8,0,0
BRDA:196,8,1,0
BRDA:220,9,0,0
BRDA:220,9,1,0
BRDA:231,10,0,0
BRDA:231,10,1,0
BRDA:232,11,0,0
BRDA:232,11,1,0
BRDA:233,12,0,0
BRDA:233,12,1,0
BRDA:242,13,0,0
BRDA:242,13,1,0
BRDA:250,14,0,0
BRDA:250,14,1,0
BRDA:254,15,0,0
BRDA:254,15,1,0
BRDA:258,16,0,0
BRDA:258,16,1,0
BRDA:269,17,0,0
BRDA:269,17,1,0
BRDA:278,18,0,0
BRDA:278,18,1,0
BRDA:287,19,0,0
BRDA:287,19,1,0
BRDA:296,20,0,0
BRDA:296,20,1,0
BRDA:306,21,0,0
BRDA:306,21,1,0
BRF:42
BRH:0
end_of_record
TN:
SF:/home/alexzibert/Documents/dev/truffle_test_system/contracts/Mortal.sol
FN:7,onlyowner
FN:13,Owned
FN:21,kill
FNF:3
FNH:1
FNDA:0,onlyowner
FNDA:1,Owned
FNDA:0,kill
DA:8,0
DA:9,0
DA:14,1
DA:22,0
DA:23,0
LF:5
LH:1
BRDA:8,1,0,0
BRDA:8,1,1,0
BRDA:22,2,0,0
BRDA:22,2,1,0
BRF:4
BRH:0
end_of_record
TN:
SF:/home/alexzibert/Documents/dev/truffle_test_system/contracts/SafeMath.sol
FN:7,add
FN:12,subtract
FN:17,multiply
FN:25,divide
FN:32,min64
FN:37,max64
FN:42,min
FN:47,max
FN:51,assert
FNF:9
FNH:0
FNDA:0,add
FNDA:0,subtract
FNDA:0,multiply
FNDA:0,divide
FNDA:0,min64
FNDA:0,max64
FNDA:0,min
FNDA:0,max
FNDA:0,assert
DA:8,0
DA:13,0
DA:18,0
DA:19,0
DA:20,0
DA:26,0
DA:27,0
DA:28,0
DA:33,0
DA:38,0
DA:43,0
DA:48,0
DA:52,0
DA:53,0
LF:14
LH:0
BRDA:8,1,0,0
BRDA:8,1,1,0
BRDA:13,2,0,0
BRDA:13,2,1,0
BRDA:19,3,0,0
BRDA:19,3,1,0
BRDA:27,4,0,0
BRDA:27,4,1,0
BRDA:52,5,0,0
BRDA:52,5,1,0
BRF:10
BRH:0
end_of_record
