{"contracts/Lotthereum.sol":{"l":{"8":0,"13":0,"18":0,"19":0,"20":0,"26":0,"27":0,"28":0,"33":0,"38":0,"43":0,"48":0,"52":0,"53":0,"63":0,"64":0,"69":1,"76":0,"155":0,"156":0,"157":0,"158":0,"159":0,"160":0,"161":0,"162":0,"163":0,"167":0,"168":0,"169":0,"173":0,"174":0,"175":0,"179":0,"180":0,"181":0,"182":0,"183":0,"187":0,"188":0,"189":0,"190":0,"191":0,"192":0,"196":0,"197":0,"198":0,"199":0,"200":0,"206":0,"207":0,"208":0,"210":0,"211":0,"216":0,"220":0,"221":0,"223":0,"227":0,"228":0,"229":0,"230":0,"231":0,"232":0,"233":0,"234":0,"236":0,"239":0,"240":0,"241":0,"243":0,"246":0,"250":0,"251":0,"254":0,"255":0,"258":0,"259":0,"260":0,"261":0,"262":0,"263":0,"264":0,"265":0,"266":0,"269":0,"270":0,"273":0,"277":0,"278":0,"279":0,"280":0,"281":0,"283":0,"287":0,"288":0,"290":0,"294":0,"295":0,"296":0,"297":0,"300":0,"304":0,"305":0,"306":0,"307":0,"313":0,"317":0,"321":0,"325":0,"329":0,"333":0,"337":0,"341":0,"345":0,"349":0,"353":0,"357":0},"path":"/home/alexzibert/Documents/dev/truffle_test_system/contracts/Lotthereum.sol","s":{"1":0,"2":0,"3":0,"4":0,"5":0,"6":0,"7":0,"8":0,"9":0,"10":0,"11":0,"12":0,"13":0,"14":0,"15":0,"16":1,"17":0,"18":0,"19":0,"20":0,"21":0,"22":0,"23":0,"24":0,"25":0,"26":0,"27":0,"28":0,"29":0,"30":0,"31":0,"32":0,"33":0,"34":0,"35":0,"36":0,"37":0,"38":0,"39":0,"40":0,"41":0,"42":0,"43":0,"44":0,"45":0,"46":0,"47":0,"48":0,"49":0,"50":0,"51":0,"52":0,"53":0,"54":0,"55":0,"56":0,"57":0,"58":0,"59":0,"60":0,"61":0,"62":0,"63":0,"64":0,"65":0,"66":0,"67":0,"68":0,"69":0,"70":0,"71":0,"72":0,"73":0,"74":0,"75":0,"76":0,"77":0,"78":0,"79":0,"80":0,"81":0,"82":0,"83":0,"84":0,"85":0,"86":0,"87":0,"88":0,"89":0,"90":0,"91":0,"92":0,"93":0,"94":0,"95":0,"96":0,"97":0,"98":0,"99":0,"100":0,"101":0,"102":0,"103":0,"104":0,"105":0,"106":0,"107":0,"108":0,"109":0,"110":0,"111":0,"112":0,"113":0,"114":0},"b":{"1":[0,0],"2":[0,0],"3":[0,0],"4":[0,0],"5":[0,0],"6":[0,0],"7":[0,0],"8":[0,0],"9":[0,0],"10":[0,0],"11":[0,0],"12":[0,0],"13":[0,0],"14":[0,0],"15":[0,0],"16":[0,0],"17":[0,0],"18":[0,0],"19":[0,0],"20":[0,0],"21":[0,0]},"f":{"1":0,"2":0,"3":0,"4":0,"5":0,"6":0,"7":0,"8":0,"9":0,"10":0,"11":1,"12":0,"13":0,"14":0,"15":0,"16":0,"17":0,"18":0,"19":0,"20":0,"21":0,"22":0,"23":0,"24":0,"25":0,"26":0,"27":0,"28":0,"29":0,"30":0,"31":0,"32":0,"33":0,"34":0,"35":0,"36":0,"37":0,"38":0},"fnMap":{"1":{"name":"add","line":7,"loc":{"start":{"line":7,"column":4},"end":{"line":7,"column":65}}},"2":{"name":"subtract","line":12,"loc":{"start":{"line":12,"column":4},"end":{"line":12,"column":70}}},"3":{"name":"multiply","line":17,"loc":{"start":{"line":17,"column":4},"end":{"line":17,"column":70}}},"4":{"name":"divide","line":25,"loc":{"start":{"line":25,"column":4},"end":{"line":25,"column":68}}},"5":{"name":"min64","line":32,"loc":{"start":{"line":32,"column":4},"end":{"line":32,"column":71}}},"6":{"name":"max64","line":37,"loc":{"start":{"line":37,"column":4},"end":{"line":37,"column":71}}},"7":{"name":"min","line":42,"loc":{"start":{"line":42,"column":4},"end":{"line":42,"column":63}}},"8":{"name":"max","line":47,"loc":{"start":{"line":47,"column":4},"end":{"line":47,"column":63}}},"9":{"name":"assert","line":51,"loc":{"start":{"line":51,"column":4},"end":{"line":51,"column":42}}},"10":{"name":"onlyowner","line":62,"loc":{"start":{"line":62,"column":4},"end":{"line":62,"column":22}}},"11":{"name":"Owned","line":68,"loc":{"start":{"line":68,"column":4},"end":{"line":68,"column":27}}},"12":{"name":"kill","line":75,"loc":{"start":{"line":75,"column":4},"end":{"line":75,"column":34}}},"13":{"name":"createGame","line":149,"loc":{"start":{"line":149,"column":4},"end":{"line":154,"column":35}}},"14":{"name":"closeGame","line":166,"loc":{"start":{"line":166,"column":4},"end":{"line":166,"column":58}}},"15":{"name":"openGame","line":172,"loc":{"start":{"line":172,"column":4},"end":{"line":172,"column":57}}},"16":{"name":"createGameRound","line":178,"loc":{"start":{"line":178,"column":4},"end":{"line":178,"column":66}}},"17":{"name":"payout","line":186,"loc":{"start":{"line":186,"column":4},"end":{"line":186,"column":39}}},"18":{"name":"closeRound","line":205,"loc":{"start":{"line":205,"column":4},"end":{"line":205,"column":43}}},"19":{"name":"getBlockHash","line":219,"loc":{"start":{"line":219,"column":4},"end":{"line":219,"column":68}}},"20":{"name":"getNumber","line":226,"loc":{"start":{"line":226,"column":4},"end":{"line":226,"column":57}}},"21":{"name":"placeBet","line":249,"loc":{"start":{"line":249,"column":4},"end":{"line":249,"column":73}}},"22":{"name":"withdraw","line":276,"loc":{"start":{"line":276,"column":4},"end":{"line":276,"column":43}}},"23":{"name":"getBalance","line":286,"loc":{"start":{"line":286,"column":4},"end":{"line":286,"column":47}}},"24":{"name":"numberOfClosedGames","line":293,"loc":{"start":{"line":293,"column":4},"end":{"line":293,"column":75}}},"25":{"name":"getGames","line":303,"loc":{"start":{"line":303,"column":4},"end":{"line":303,"column":57}}},"26":{"name":"getGameCurrentRoundId","line":312,"loc":{"start":{"line":312,"column":4},"end":{"line":312,"column":68}}},"27":{"name":"getGameRoundOpen","line":316,"loc":{"start":{"line":316,"column":4},"end":{"line":316,"column":77}}},"28":{"name":"getGameMaxNumberOfBets","line":320,"loc":{"start":{"line":320,"column":4},"end":{"line":320,"column":69}}},"29":{"name":"getGameMinAmountByBet","line":324,"loc":{"start":{"line":324,"column":4},"end":{"line":324,"column":68}}},"30":{"name":"getGamePrize","line":328,"loc":{"start":{"line":328,"column":4},"end":{"line":328,"column":59}}},"31":{"name":"getRoundNumberOfBets","line":332,"loc":{"start":{"line":332,"column":4},"end":{"line":332,"column":81}}},"32":{"name":"getRoundBetOrigin","line":336,"loc":{"start":{"line":336,"column":4},"end":{"line":336,"column":93}}},"33":{"name":"getRoundBetAmount","line":340,"loc":{"start":{"line":340,"column":4},"end":{"line":340,"column":90}}},"34":{"name":"getRoundBetNumber","line":344,"loc":{"start":{"line":344,"column":4},"end":{"line":344,"column":90}}},"35":{"name":"getRoundNumber","line":348,"loc":{"start":{"line":348,"column":4},"end":{"line":348,"column":76}}},"36":{"name":"getRoundPointer","line":352,"loc":{"start":{"line":352,"column":4},"end":{"line":352,"column":76}}},"37":{"name":"getPointer","line":356,"loc":{"start":{"line":356,"column":4},"end":{"line":356,"column":57}}},"38":{"name":null,"line":360,"loc":{"start":{"line":360,"column":4},"end":{"line":360,"column":21}}}},"statementMap":{"1":{"start":{"line":8,"column":8},"end":{"line":8,"column":31}},"2":{"start":{"line":13,"column":8},"end":{"line":13,"column":31}},"3":{"start":{"line":18,"column":8},"end":{"line":18,"column":16}},"4":{"start":{"line":19,"column":8},"end":{"line":19,"column":35}},"5":{"start":{"line":20,"column":8},"end":{"line":20,"column":16}},"6":{"start":{"line":26,"column":8},"end":{"line":26,"column":16}},"7":{"start":{"line":27,"column":8},"end":{"line":27,"column":41}},"8":{"start":{"line":28,"column":8},"end":{"line":28,"column":16}},"9":{"start":{"line":33,"column":8},"end":{"line":33,"column":27}},"10":{"start":{"line":38,"column":8},"end":{"line":38,"column":29}},"11":{"start":{"line":43,"column":8},"end":{"line":43,"column":31}},"12":{"start":{"line":48,"column":8},"end":{"line":48,"column":31}},"13":{"start":{"line":52,"column":8},"end":{"line":52,"column":1619}},"14":{"start":{"line":53,"column":12},"end":{"line":53,"column":19}},"15":{"start":{"line":63,"column":8},"end":{"line":63,"column":1751}},"16":{"start":{"line":69,"column":8},"end":{"line":69,"column":25}},"17":{"start":{"line":76,"column":8},"end":{"line":76,"column":26}},"18":{"start":{"line":155,"column":8},"end":{"line":155,"column":24}},"19":{"start":{"line":156,"column":8},"end":{"line":156,"column":24}},"20":{"start":{"line":157,"column":8},"end":{"line":157,"column":24}},"21":{"start":{"line":158,"column":8},"end":{"line":158,"column":34}},"22":{"start":{"line":159,"column":8},"end":{"line":159,"column":50}},"23":{"start":{"line":160,"column":8},"end":{"line":160,"column":48}},"24":{"start":{"line":161,"column":8},"end":{"line":161,"column":30}},"25":{"start":{"line":162,"column":8},"end":{"line":162,"column":28}},"26":{"start":{"line":163,"column":8},"end":{"line":163,"column":51}},"27":{"start":{"line":167,"column":8},"end":{"line":167,"column":33}},"28":{"start":{"line":168,"column":8},"end":{"line":168,"column":25}},"29":{"start":{"line":169,"column":8},"end":{"line":169,"column":19}},"30":{"start":{"line":173,"column":8},"end":{"line":173,"column":32}},"31":{"start":{"line":174,"column":8},"end":{"line":174,"column":25}},"32":{"start":{"line":175,"column":8},"end":{"line":175,"column":19}},"33":{"start":{"line":179,"column":8},"end":{"line":179,"column":39}},"34":{"start":{"line":180,"column":8},"end":{"line":180,"column":39}},"35":{"start":{"line":181,"column":8},"end":{"line":181,"column":39}},"36":{"start":{"line":182,"column":8},"end":{"line":182,"column":43}},"37":{"start":{"line":183,"column":8},"end":{"line":183,"column":28}},"38":{"start":{"line":187,"column":8},"end":{"line":187,"column":83}},"39":{"start":{"line":188,"column":8},"end":{"line":188,"column":4610}},"40":{"start":{"line":189,"column":12},"end":{"line":189,"column":4688}},"41":{"start":{"line":190,"column":16},"end":{"line":190,"column":39}},"42":{"start":{"line":191,"column":16},"end":{"line":191,"column":34}},"43":{"start":{"line":192,"column":16},"end":{"line":192,"column":92}},"44":{"start":{"line":196,"column":8},"end":{"line":196,"column":5018}},"45":{"start":{"line":197,"column":12},"end":{"line":197,"column":67}},"46":{"start":{"line":198,"column":12},"end":{"line":198,"column":5130}},"47":{"start":{"line":199,"column":16},"end":{"line":199,"column":70}},"48":{"start":{"line":200,"column":16},"end":{"line":200,"column":81}},"49":{"start":{"line":206,"column":8},"end":{"line":206,"column":68}},"50":{"start":{"line":207,"column":8},"end":{"line":207,"column":98}},"51":{"start":{"line":208,"column":8},"end":{"line":208,"column":129}},"52":{"start":{"line":210,"column":8},"end":{"line":210,"column":21}},"53":{"start":{"line":211,"column":8},"end":{"line":211,"column":5829}},"54":{"start":{"line":216,"column":8},"end":{"line":216,"column":59}},"55":{"start":{"line":220,"column":8},"end":{"line":220,"column":6155}},"56":{"start":{"line":221,"column":12},"end":{"line":221,"column":18}},"57":{"start":{"line":223,"column":8},"end":{"line":223,"column":52}},"58":{"start":{"line":227,"column":8},"end":{"line":227,"column":19}},"59":{"start":{"line":228,"column":8},"end":{"line":228,"column":21}},"60":{"start":{"line":229,"column":8},"end":{"line":229,"column":28}},"61":{"start":{"line":230,"column":8},"end":{"line":230,"column":6410}},"62":{"start":{"line":231,"column":12},"end":{"line":231,"column":6470}},"63":{"start":{"line":232,"column":16},"end":{"line":232,"column":6528}},"64":{"start":{"line":233,"column":20},"end":{"line":233,"column":6568}},"65":{"start":{"line":239,"column":16},"end":{"line":239,"column":25}},"66":{"start":{"line":240,"column":16},"end":{"line":240,"column":40}},"67":{"start":{"line":241,"column":16},"end":{"line":241,"column":27}},"68":{"start":{"line":242,"column":19},"end":{"line":242,"column":6824}},"69":{"start":{"line":243,"column":16},"end":{"line":243,"column":30}},"70":{"start":{"line":246,"column":8},"end":{"line":246,"column":19}},"71":{"start":{"line":250,"column":8},"end":{"line":250,"column":7010}},"72":{"start":{"line":251,"column":12},"end":{"line":251,"column":24}},"73":{"start":{"line":254,"column":8},"end":{"line":254,"column":7117}},"74":{"start":{"line":255,"column":12},"end":{"line":255,"column":24}},"75":{"start":{"line":258,"column":8},"end":{"line":258,"column":7210}},"76":{"start":{"line":259,"column":12},"end":{"line":259,"column":81}},"77":{"start":{"line":260,"column":12},"end":{"line":260,"column":76}},"78":{"start":{"line":261,"column":12},"end":{"line":261,"column":76}},"79":{"start":{"line":262,"column":12},"end":{"line":262,"column":128}},"80":{"start":{"line":263,"column":12},"end":{"line":263,"column":78}},"81":{"start":{"line":264,"column":12},"end":{"line":264,"column":88}},"82":{"start":{"line":265,"column":12},"end":{"line":265,"column":87}},"83":{"start":{"line":266,"column":12},"end":{"line":266,"column":97}},"84":{"start":{"line":269,"column":8},"end":{"line":269,"column":8064}},"85":{"start":{"line":270,"column":12},"end":{"line":270,"column":29}},"86":{"start":{"line":273,"column":8},"end":{"line":273,"column":19}},"87":{"start":{"line":277,"column":8},"end":{"line":277,"column":33}},"88":{"start":{"line":278,"column":8},"end":{"line":278,"column":8328}},"89":{"start":{"line":279,"column":12},"end":{"line":279,"column":35}},"90":{"start":{"line":281,"column":12},"end":{"line":281,"column":25}},"91":{"start":{"line":283,"column":8},"end":{"line":283,"column":16}},"92":{"start":{"line":287,"column":8},"end":{"line":287,"column":8547}},"93":{"start":{"line":288,"column":12},"end":{"line":288,"column":39}},"94":{"start":{"line":290,"column":8},"end":{"line":290,"column":16}},"95":{"start":{"line":294,"column":8},"end":{"line":294,"column":30}},"96":{"start":{"line":295,"column":8},"end":{"line":295,"column":8819}},"97":{"start":{"line":296,"column":12},"end":{"line":296,"column":8877}},"98":{"start":{"line":300,"column":8},"end":{"line":300,"column":34}},"99":{"start":{"line":304,"column":8},"end":{"line":304,"column":61}},"100":{"start":{"line":305,"column":8},"end":{"line":305,"column":9142}},"101":{"start":{"line":306,"column":12},"end":{"line":306,"column":9200}},"102":{"start":{"line":307,"column":16},"end":{"line":307,"column":35}},"103":{"start":{"line":313,"column":8},"end":{"line":313,"column":41}},"104":{"start":{"line":317,"column":8},"end":{"line":317,"column":49}},"105":{"start":{"line":321,"column":8},"end":{"line":321,"column":44}},"106":{"start":{"line":325,"column":8},"end":{"line":325,"column":43}},"107":{"start":{"line":329,"column":8},"end":{"line":329,"column":34}},"108":{"start":{"line":333,"column":8},"end":{"line":333,"column":56}},"109":{"start":{"line":337,"column":8},"end":{"line":337,"column":63}},"110":{"start":{"line":341,"column":8},"end":{"line":341,"column":63}},"111":{"start":{"line":345,"column":8},"end":{"line":345,"column":60}},"112":{"start":{"line":349,"column":8},"end":{"line":349,"column":51}},"113":{"start":{"line":353,"column":8},"end":{"line":353,"column":52}},"114":{"start":{"line":357,"column":8},"end":{"line":357,"column":36}}},"branchMap":{"1":{"line":8,"type":"if","locations":[{"start":{"line":8,"column":8},"end":{"line":8,"column":8}},{"start":{"line":8,"column":8},"end":{"line":8,"column":8}}]},"2":{"line":13,"type":"if","locations":[{"start":{"line":13,"column":8},"end":{"line":13,"column":8}},{"start":{"line":13,"column":8},"end":{"line":13,"column":8}}]},"3":{"line":19,"type":"if","locations":[{"start":{"line":19,"column":8},"end":{"line":19,"column":8}},{"start":{"line":19,"column":8},"end":{"line":19,"column":8}}]},"4":{"line":27,"type":"if","locations":[{"start":{"line":27,"column":8},"end":{"line":27,"column":8}},{"start":{"line":27,"column":8},"end":{"line":27,"column":8}}]},"5":{"line":52,"type":"if","locations":[{"start":{"line":52,"column":8},"end":{"line":52,"column":8}},{"start":{"line":52,"column":8},"end":{"line":52,"column":8}}]},"6":{"line":63,"type":"if","locations":[{"start":{"line":63,"column":8},"end":{"line":63,"column":8}},{"start":{"line":63,"column":8},"end":{"line":63,"column":8}}]},"7":{"line":189,"type":"if","locations":[{"start":{"line":189,"column":12},"end":{"line":189,"column":12}},{"start":{"line":189,"column":12},"end":{"line":189,"column":12}}]},"8":{"line":196,"type":"if","locations":[{"start":{"line":196,"column":8},"end":{"line":196,"column":8}},{"start":{"line":196,"column":8},"end":{"line":196,"column":8}}]},"9":{"line":220,"type":"if","locations":[{"start":{"line":220,"column":8},"end":{"line":220,"column":8}},{"start":{"line":220,"column":8},"end":{"line":220,"column":8}}]},"10":{"line":231,"type":"if","locations":[{"start":{"line":231,"column":12},"end":{"line":231,"column":12}},{"start":{"line":231,"column":12},"end":{"line":231,"column":12}}]},"11":{"line":232,"type":"if","locations":[{"start":{"line":232,"column":16},"end":{"line":232,"column":16}},{"start":{"line":232,"column":16},"end":{"line":232,"column":16}}]},"12":{"line":233,"type":"if","locations":[{"start":{"line":233,"column":20},"end":{"line":233,"column":20}},{"start":{"line":233,"column":20},"end":{"line":233,"column":20}}]},"13":{"line":242,"type":"if","locations":[{"start":{"line":242,"column":19},"end":{"line":242,"column":19}},{"start":{"line":242,"column":19},"end":{"line":242,"column":19}}]},"14":{"line":250,"type":"if","locations":[{"start":{"line":250,"column":8},"end":{"line":250,"column":8}},{"start":{"line":250,"column":8},"end":{"line":250,"column":8}}]},"15":{"line":254,"type":"if","locations":[{"start":{"line":254,"column":8},"end":{"line":254,"column":8}},{"start":{"line":254,"column":8},"end":{"line":254,"column":8}}]},"16":{"line":258,"type":"if","locations":[{"start":{"line":258,"column":8},"end":{"line":258,"column":8}},{"start":{"line":258,"column":8},"end":{"line":258,"column":8}}]},"17":{"line":269,"type":"if","locations":[{"start":{"line":269,"column":8},"end":{"line":269,"column":8}},{"start":{"line":269,"column":8},"end":{"line":269,"column":8}}]},"18":{"line":278,"type":"if","locations":[{"start":{"line":278,"column":8},"end":{"line":278,"column":8}},{"start":{"line":278,"column":8},"end":{"line":278,"column":8}}]},"19":{"line":287,"type":"if","locations":[{"start":{"line":287,"column":8},"end":{"line":287,"column":8}},{"start":{"line":287,"column":8},"end":{"line":287,"column":8}}]},"20":{"line":296,"type":"if","locations":[{"start":{"line":296,"column":12},"end":{"line":296,"column":12}},{"start":{"line":296,"column":12},"end":{"line":296,"column":12}}]},"21":{"line":306,"type":"if","locations":[{"start":{"line":306,"column":12},"end":{"line":306,"column":12}},{"start":{"line":306,"column":12},"end":{"line":306,"column":12}}]}}},"contracts/Mortal.sol":{"l":{"8":0,"9":0,"14":1,"22":0,"23":0},"path":"/home/alexzibert/Documents/dev/truffle_test_system/contracts/Mortal.sol","s":{"1":0,"2":1,"3":0,"4":0},"b":{"1":[0,0],"2":[0,0]},"f":{"1":0,"2":1,"3":0},"fnMap":{"1":{"name":"onlyowner","line":7,"loc":{"start":{"line":7,"column":4},"end":{"line":7,"column":22}}},"2":{"name":"Owned","line":13,"loc":{"start":{"line":13,"column":4},"end":{"line":13,"column":18}}},"3":{"name":"kill","line":21,"loc":{"start":{"line":21,"column":4},"end":{"line":21,"column":17}}}},"statementMap":{"1":{"start":{"line":8,"column":8},"end":{"line":8,"column":108}},"2":{"start":{"line":14,"column":8},"end":{"line":14,"column":25}},"3":{"start":{"line":22,"column":8},"end":{"line":22,"column":313}},"4":{"start":{"line":23,"column":12},"end":{"line":23,"column":30}}},"branchMap":{"1":{"line":8,"type":"if","locations":[{"start":{"line":8,"column":8},"end":{"line":8,"column":8}},{"start":{"line":8,"column":8},"end":{"line":8,"column":8}}]},"2":{"line":22,"type":"if","locations":[{"start":{"line":22,"column":8},"end":{"line":22,"column":8}},{"start":{"line":22,"column":8},"end":{"line":22,"column":8}}]}}},"contracts/SafeMath.sol":{"l":{"8":0,"13":0,"18":0,"19":0,"20":0,"26":0,"27":0,"28":0,"33":0,"38":0,"43":0,"48":0,"52":0,"53":0},"path":"/home/alexzibert/Documents/dev/truffle_test_system/contracts/SafeMath.sol","s":{"1":0,"2":0,"3":0,"4":0,"5":0,"6":0,"7":0,"8":0,"9":0,"10":0,"11":0,"12":0,"13":0,"14":0},"b":{"1":[0,0],"2":[0,0],"3":[0,0],"4":[0,0],"5":[0,0]},"f":{"1":0,"2":0,"3":0,"4":0,"5":0,"6":0,"7":0,"8":0,"9":0},"fnMap":{"1":{"name":"add","line":7,"loc":{"start":{"line":7,"column":4},"end":{"line":7,"column":65}}},"2":{"name":"subtract","line":12,"loc":{"start":{"line":12,"column":4},"end":{"line":12,"column":70}}},"3":{"name":"multiply","line":17,"loc":{"start":{"line":17,"column":4},"end":{"line":17,"column":70}}},"4":{"name":"divide","line":25,"loc":{"start":{"line":25,"column":4},"end":{"line":25,"column":68}}},"5":{"name":"min64","line":32,"loc":{"start":{"line":32,"column":4},"end":{"line":32,"column":71}}},"6":{"name":"max64","line":37,"loc":{"start":{"line":37,"column":4},"end":{"line":37,"column":71}}},"7":{"name":"min","line":42,"loc":{"start":{"line":42,"column":4},"end":{"line":42,"column":63}}},"8":{"name":"max","line":47,"loc":{"start":{"line":47,"column":4},"end":{"line":47,"column":63}}},"9":{"name":"assert","line":51,"loc":{"start":{"line":51,"column":4},"end":{"line":51,"column":42}}}},"statementMap":{"1":{"start":{"line":8,"column":8},"end":{"line":8,"column":31}},"2":{"start":{"line":13,"column":8},"end":{"line":13,"column":31}},"3":{"start":{"line":18,"column":8},"end":{"line":18,"column":16}},"4":{"start":{"line":19,"column":8},"end":{"line":19,"column":35}},"5":{"start":{"line":20,"column":8},"end":{"line":20,"column":16}},"6":{"start":{"line":26,"column":8},"end":{"line":26,"column":16}},"7":{"start":{"line":27,"column":8},"end":{"line":27,"column":41}},"8":{"start":{"line":28,"column":8},"end":{"line":28,"column":16}},"9":{"start":{"line":33,"column":8},"end":{"line":33,"column":27}},"10":{"start":{"line":38,"column":8},"end":{"line":38,"column":29}},"11":{"start":{"line":43,"column":8},"end":{"line":43,"column":31}},"12":{"start":{"line":48,"column":8},"end":{"line":48,"column":31}},"13":{"start":{"line":52,"column":8},"end":{"line":52,"column":1619}},"14":{"start":{"line":53,"column":12},"end":{"line":53,"column":19}}},"branchMap":{"1":{"line":8,"type":"if","locations":[{"start":{"line":8,"column":8},"end":{"line":8,"column":8}},{"start":{"line":8,"column":8},"end":{"line":8,"column":8}}]},"2":{"line":13,"type":"if","locations":[{"start":{"line":13,"column":8},"end":{"line":13,"column":8}},{"start":{"line":13,"column":8},"end":{"line":13,"column":8}}]},"3":{"line":19,"type":"if","locations":[{"start":{"line":19,"column":8},"end":{"line":19,"column":8}},{"start":{"line":19,"column":8},"end":{"line":19,"column":8}}]},"4":{"line":27,"type":"if","locations":[{"start":{"line":27,"column":8},"end":{"line":27,"column":8}},{"start":{"line":27,"column":8},"end":{"line":27,"column":8}}]},"5":{"line":52,"type":"if","locations":[{"start":{"line":52,"column":8},"end":{"line":52,"column":8}},{"start":{"line":52,"column":8},"end":{"line":52,"column":8}}]}}}}