TN:
SF:/home/alexzibert/Documents/dev/truffle_test_system/contracts/KetherHomepage.sol
FN:65,KetherHomepage
FN:74,getAdsLength
FN:82,buy
FN:112,publish
FN:124,setAdOwner
FN:133,forceNSFW
FN:142,withdraw
FNF:7
FNH:1
FNDA:1,KetherHomepage
FNDA:0,getAdsLength
FNDA:0,buy
FNDA:0,publish
FNDA:0,setAdOwner
FNDA:0,forceNSFW
FNDA:0,withdraw
DA:66,1
DA:67,1
DA:69,1
DA:70,1
DA:75,0
DA:83,0
DA:84,0
DA:85,0
DA:88,0
DA:89,0
DA:90,0
DA:92,0
DA:94,0
DA:99,0
DA:100,0
DA:101,0
DA:102,0
DA:113,0
DA:114,0
DA:115,0
DA:116,0
DA:117,0
DA:118,0
DA:120,0
DA:125,0
DA:126,0
DA:127,0
DA:129,0
DA:134,0
DA:135,0
DA:136,0
DA:138,0
DA:143,0
DA:144,0
LF:34
LH:4
BRDA:66,1,0,1
BRDA:66,1,1,0
BRDA:67,2,0,1
BRDA:67,2,1,0
BRDA:84,3,0,0
BRDA:84,3,1,0
BRDA:85,4,0,0
BRDA:85,4,1,0
BRDA:90,5,0,0
BRDA:90,5,1,0
BRDA:114,6,0,0
BRDA:114,6,1,0
BRDA:126,7,0,0
BRDA:126,7,1,0
BRDA:134,8,0,0
BRDA:134,8,1,0
BRDA:143,9,0,0
BRDA:143,9,1,0
BRF:18
BRH:2
end_of_record
